#
# There is insufficient memory for the Java Runtime Environment to continue.
# Native memory allocation (mmap) failed to map 201326592 bytes for G1 virtual space
# Possible reasons:
#   The system is out of physical RAM or swap space
#   The process is running with CompressedOops enabled, and the Java Heap may be blocking the growth of the native heap
# Possible solutions:
#   Reduce memory load on the system
#   Increase physical memory or swap space
#   Check if swap backing store is full
#   Decrease Java heap size (-Xmx/-Xms)
#   Decrease number of Java threads
#   Decrease Java thread stack sizes (-Xss)
#   Set larger code cache with -XX:ReservedCodeCacheSize=
#   JVM is running with Zero Based Compressed Oops mode in which the Java heap is
#     placed in the first 32GB address space. The Java Heap base address is the
#     maximum limit for the native heap growth. Please use -XX:HeapBaseMinAddress
#     to set the Java Heap base and to place the Java Heap above 32GB virtual address.
# This output file may be truncated or incomplete.
#
#  Out of Memory Error (os_windows.cpp:3527), pid=14376, tid=15704
#
# JRE version:  (19.0.1+10) (build )
# Java VM: Java HotSpot(TM) 64-Bit Server VM (19.0.1+10-21, mixed mode, emulated-client, sharing, tiered, compressed oops, compressed class ptrs, g1 gc, windows-amd64)
# No core dump will be written. Minidumps are not enabled by default on client versions of Windows
#

---------------  S U M M A R Y ------------

Command Line: -Dcom.sun.management.jmxremote -Dcom.sun.management.jmxremote.port=63428 -Dcom.sun.management.jmxremote.authenticate=false -Dcom.sun.management.jmxremote.ssl=false -Djava.rmi.server.hostname=localhost -Dspring.jmx.enabled=true -Dspring.application.admin.enabled=true -XX:TieredStopAtLevel=1 -Dspring.boot.project.name=microservice-expert -Dfile.encoding=UTF-8 -XX:+ShowCodeDetailsInExceptionMessages com.sante.expert.ExpertApplication --spring.output.ansi.enabled=always

Host: Intel(R) Core(TM) i5-4210U CPU @ 1.70GHz, 4 cores, 11G,  Windows 10 , 64 bit Build 19041 (10.0.19041.2913)
Time: Thu May 25 13:58:21 2023 Paris, Madrid (heure duild 19041 (10.0.19041.2913) elapsed time: 0.035430 seconds (0d 0h 0m 0s)

---------------  T H R E A D  ---------------

Current thread (0x000001a5fe6a41a0):  JavaThread "Unknown thread" [_thread_in_vm, id=15704, stack(0x0000003512800000,0x0000003512900000)]

Stack: [0x0000003512800000,0x0000003512900000]
Native frames: (J=compiled Java code, j=interpreted, Vv=VM code, C=native code)
V  [jvm.dll+0x6ee8fa]
V  [jvm.dll+0x857a1e]
V  [jvm.dll+0x85940e]
V  [jvm.dll+0x859ac3]
V  [jvm.dll+0x28291f]
V  [jvm.dll+0x6eb6e9]
V  [jvm.dll+0x6e028a]
V  [jvm.dll+0x357136]
V  [jvm.dll+0x35eb96]
V  [jvm.dll+0x3b555e]
V  [jvm.dll+0x3b578f]
V  [jvm.dll+0x32c6ea]
V  [jvm.dll+0x32d59e]
V  [jvm.dll+0x821b20]
V  [jvm.dll+0x3c27c1]
V  [jvm.dll+0x8022f1]
V  [jvm.dll+0x44b30f]
V  [jvm.dll+0x44cc91]
C  [jli.dll+0x5287]
C  [ucrtbase.dll+0x21bb2]
C  [KERNEL32.DLL+0x17614]
C  [ntdll.dll+0x526a1]


---------------  P R O C E S S  ---------------

Threads class SMR info:
_java_thread_list=0x00007fff442cd048, length=0, elements={
}

Java Threads: ( => current thread )

Other Threads:
  0x000001a5fe6fe680 WorkerThread "GC Thread#0" [stack: 0x0000003512900000,0x0000003512a00000] [id=14920]
  0x000001a5fe70b420 ConcurrentGCThread "G1 Main Marker" [stack: 0x0000003512a00000,0x0000003512b00000] [id=15728]
  0x000001a5fe70d000 WorkerThread "G1 Conc#0" [stack: 0x0000003512b00000,0x0000003512c00000] [id=15584]

[error occurred during error reporting (printing all threads), id 0xc0000005, EXCEPTION_ACCESS_VIOLATION (0xc0000005) at pc=0x00007fff43a8d127]

VM state: not at safepoint (not fully initialized)

VM Mutex/Monitor currently owned by a thread:  ([mutex/lock_event])
[0x000001a5fe69e280] Heap_lock - owner thread: 0x000001a5fe6a41a0

Heap address: 0x0000000741c00000, size: 3044 MB, Compressed Oops mode: Zero based, Oop shift amount: 3

CDS archive(s) mapped at: [0x0000000000000000-0x0000000000000000-0x0000000000000000), size 0, SharedBaseAddress: 0x0000000800000000, ArchiveRelocationMode: 0.
Narrow klass base: 0x0000000000000000, Narrow klass shift: 0, Narrow klass range: 0x0

GC Precious Log:
 CardTable entry size: 512
 Card Set container configuration: InlinePtr #cards 4 size 8 Array Of Cards #cards 16 size 48 Howl #buckets 8 coarsen threshold 3686 Howl Bitmap #cards 512 size 80 coarsen threshold 460 Card regions per heap region 1 cards per card region 4096

Heap:
 garbage-first heap   total 0K, used 0K [0x0000000741c00000, 0x0000000800000000)
  region size 2048K, 0 young (0K), 0 survivors (0K)

[error occurred during error reporting (printing heap information), id 0xc0000005, EXCEPTION_ACCESS_VIOLATION (0xc0000005) at pc=0x00007fff43e96959]

GC Heap History (0 events):
No events

Dll operation events (1 events):
Event: 0.020 Loaded shared library C:\Program Files\Java\jdk-19\bin\java.dll

Deoptimization events (0 events):
No events

Classes loaded (0 events):
No events

Classes unloaded (0 events):
No events

Classes redefined (0 events):
No events

Internal exceptions (0 events):
No events

VM Operations (0 events):
No events

Events (0 events):
No events


Dynamic libraries:
0x00007ff7d72d0000 - 0x00007ff7d72e0000 	C:\Program Files\Java\jdk-19\bin\javaw.exe
0x00007fffac0b0000 - 0x00007fffac2a8000 	C:\WINDOWS\SYSTEM32\ntdll.dll
0x00007fff6a250000 - 0x00007fff6a269000 	C:\Program Files\AVAST Software\Avast\aswhook.dll
0x00007fffaa9a0000 - 0x00007fffaaa5f000 	C:\WINDOWS\System32\KERNEL32.DLL
0x00007fffa9b50000 - 0x00007fffa9e46000 	C:\WINDOWS\System32\KERNELBASE.dll
0x00007fffa9f70000 - 0x00007fffaa070000 	C:\WINDOWS\System32\ucrtbase.dll
0x00007fff8fef0000 - 0x00007fff8ff08000 	C:\Program Files\Java\jdk-19\bin\jli.dll
0x00007fffaa2e0000 - 0x00007fffaa38f000 	C:\WINDOWS\System32\ADVAPI32.dll
0x00007fffabd90000 - 0x00007fffabe2e000 	C:\WINDOWS\System32\msvcrt.dll
0x00007fffaa110000 - 0x00007fffaa1ac000 	C:\WINDOWS\System32\sechost.dll
0x00007fffaa480000 - 0x00007fffaa5a6000 	C:\WINDOWS\System32\RPCRT4.dll
0x00007fffabe30000 - 0x00007fffabfcd000 	C:\WINDOWS\System32\USER32.dll
0x00007fffa9b20000 - 0x00007fffa9b42000 	C:\WINDOWS\System32\win32u.dll
0x00007fffaa6a0000 - 0x00007fffaa6cc000 	C:\WINDOWS\System32\GDI32.dll
0x00007fffa9e50000 - 0x00007fffa9f65000 	C:\WINDOWS\System32\gdi32full.dll
0x00007fffa9790000 - 0x00007fffa982d000 	C:\WINDOWS\System32\msvcp_win.dll
0x00007fff8e560000 - 0x00007fff8e57b000 	C:\Program Files\Java\jdk-19\bin\VCRUNTIME140.dll
0x00007fff9ad30000 - 0x00007fff9afca000 	C:\WINDOWS\WinSxS\amd64_microsoft.windows.common-controls_6595b64144ccf1df_6.0.19041.1110_none_60b5254171f9507e\COMCTL32.dll
0x00007fff9fc10000 - 0x00007fff9fc1a000 	C:\WINDOWS\SYSTEM32\VERSION.dll
0x00007fffabfd0000 - 0x00007fffac000000 	C:\WINDOWS\System32\IMM32.DLL
0x00007fffa5160000 - 0x00007fffa516c000 	C:\Program Files\Java\jdk-19\bin\vcruntime140_1.dll
0x00007fff6dd90000 - 0x00007fff6de1e000 	C:\Program Files\Java\jdk-19\bin\msvcp140.dll
0x00007fff43750000 - 0x00007fff44410000 	C:\Program Files\Java\jdk-19\bin\server\jvm.dll
0x00007fff990e0000 - 0x00007fff990e9000 	C:\WINDOWS\SYSTEM32\WSOCK32.dll
0x00007fffac000000 - 0x00007fffac06b000 	C:\WINDOWS\System32\WS2_32.dll
0x00007fff9c800000 - 0x00007fff9c827000 	C:\WINDOWS\SYSTEM32\WINMM.dll
0x00007fffa7460000 - 0x00007fffa7472000 	C:\WINDOWS\SYSTEM32\kernel.appcore.dll
0x00007fffa3900000 - 0x00007fffa390a000 	C:\Program Files\Java\jdk-19\bin\jimage.dll
0x00007fff9d2a0000 - 0x00007fff9d484000 	C:\WINDOWS\SYSTEM32\DBGHELP.DLL
0x00007fff9d260000 - 0x00007fff9d294000 	C:\WINDOWS\SYSTEM32\dbgcore.DLL
0x00007fffa9a90000 - 0x00007fffa9b12000 	C:\WINDOWS\System32\bcryptPrimitives.dll
0x00007fff8c810000 - 0x00007fff8c836000 	C:\Program Files\Java\jdk-19\bin\java.dll

dbghelp: loaded successfully - version: 4.0.5 - missing functions: none
symbol engine: initialized successfully - sym options: 0x614 - pdb path: .;C:\Program Files\Java\jdk-19\bin;C:\WINDOWS\SYSTEM32;C:\Program Files\AVAST Software\Avast;C:\WINDOWS\WinSxS\amd64_microsoft.windows.common-controls_6595b64144ccf1df_6.0.19041.1110_none_60b5254171f9507e;C:\Program Files\Java\jdk-19\bin\server

VM Arguments:
jvm_args: -Dcom.sun.management.jmxremote -Dcom.sun.management.jmxremote.port=63428 -Dcom.sun.management.jmxremote.authenticate=false -Dcom.sun.management.jmxremote.ssl=false -Djava.rmi.server.hostname=localhost -Dspring.jmx.enabled=true -Dspring.application.admin.enabled=true -XX:TieredStopAtLevel=1 -Dspring.boot.project.name=microservice-expert -Dfile.encoding=UTF-8 -XX:+ShowCodeDetailsInExceptionMessages 
java_command: com.sante.expert.ExpertApplication --spring.output.ansi.enabled=always
java_class_path (initial): C:\Users\trimok\git\microservices\microservice-expert\target\classes;C:\Users\trimok\.m2\repository\org\springframework\boot\spring-boot-starter-web\3.1.0\spring-boot-starter-web-3.1.0.jar;C:\Users\trimok\.m2\repository\org\springframework\boot\spring-boot-starter\3.1.0\spring-boot-starter-3.1.0.jar;C:\Users\trimok\.m2\repository\org\springframework\boot\spring-boot\3.1.0\spring-boot-3.1.0.jar;C:\Users\trimok\.m2\repository\org\springframework\boot\spring-boot-autoconfigure\3.1.0\spring-boot-autoconfigure-3.1.0.jar;C:\Users\trimok\.m2\repository\org\springframework\boot\spring-boot-starter-logging\3.1.0\spring-boot-starter-logging-3.1.0.jar;C:\Users\trimok\.m2\repository\ch\qos\logback\logback-classic\1.4.7\logback-classic-1.4.7.jar;C:\Users\trimok\.m2\repository\ch\qos\logback\logback-core\1.4.7\logback-core-1.4.7.jar;C:\Users\trimok\.m2\repository\org\apache\logging\log4j\log4j-to-slf4j\2.20.0\log4j-to-slf4j-2.20.0.jar;C:\Users\trimok\.m2\repository\org\apache\logging\log4j\log4j-api\2.20.0\log4j-api-2.20.0.jar;C:\Users\trimok\.m2\repository\org\slf4j\jul-to-slf4j\2.0.7\jul-to-slf4j-2.0.7.jar;C:\Users\trimok\.m2\repository\jakarta\annotation\jakarta.annotation-api\2.1.1\jakarta.annotation-api-2.1.1.jar;C:\Users\trimok\.m2\repository\org\yaml\snakeyaml\1.33\snakeyaml-1.33.jar;C:\Users\trimok\.m2\repository\org\springframework\boot\spring-boot-starter-json\3.1.0\spring-boot-starter-json-3.1.0.jar;C:\Users\trimok\.m2\repository\com\fasterxml\jackson\datatype\jackson-datatype-jdk8\2.15.0\jackson-datatype-jdk8-2.15.0.jar;C:\Users\trimok\.m2\repository\com\fasterxml\jackson\module\jackson-module-parameter-names\2.15.0\jackson-module-parameter-names-2.15.0.jar;C:\Users\trimok\.m2\repository\org\springframework\boot\spring-boot-starter-tomcat\3.1.0\spring-boot-starter-tomcat-3.1.0.jar;C:\Users\trimok\.m2\repository\org\apache\tomcat\embed\tomcat-embed-core\10.1.8\tomcat-embed-core-10.1.8.jar;C:\Users\trimok\.m2\repository\org\apache\tomcat\embed\tomcat-embed-websocket\10.1.8\tomcat-embed-websocket-10.1.8.jar;C:\Users\trimok\.m2\repository\org\springframework\spring-web\6.0.9\spring-web-6.0.9.jar;C:\Users\trimok\.m2\repository\org\springframework\spring-beans\6.0.9\spring-beans-6.0.9.jar;C:\Users\trimok\.m2\repository\org\springframework\spring-webmvc\6.0.9\spring-webmvc-6.0.9.jar;C:\Users\trimok\.m2\repository\org\springframework\spring-aop\6.0.9\spring-aop-6.0.9.jar;C:\Users\trimok\.m2\repository\org\springframework\spring-context\6.0.9\spring-context-6.0.9.jar;C:\Users\trimok\.m2\repository\org\springframework\spring-expression\6.0.9\spring-expression-6.0.9.jar;C:\Users\trimok\.m2\repository\org\springframework\boot\spring-boot-starter-data-jpa\3.1.0\spring-boot-starter-data-jpa-3.1.0.jar;C:\Users\trimok\.m2\repository\org\springframework\boot\spring-boot-starter-aop\3.1.0\spring-boot-starter-aop-3.1.0.jar;C:\Users\trimok\.m2\repository\org\aspectj\aspectjweaver\1.9.19\aspectjweaver-1.9.19.jar;C:\Users\trimok\.m2\repository\org\springframework\boot\spring-boot-starter-jdbc\3.1.0\spring-boot-starter-jdbc-3.1.0.jar;C:\Users\trimok\.m2\repository\com\zaxxer\HikariCP\5.0.1\HikariCP-5.0.1.jar;C:\Users\trimok\.m2\repository\org\springframework\spring-jdbc\6.0.9\spring-jdbc-6.0.9.jar;C:\Users\trimok\.m2\repository\org\hibernate\orm\hibernate-core\6.2.2.Final\hibernate-core-6.2.2.Final.jar;C:\Users\trimok\.m2\repository\jakarta\persistence\jakarta.persistence-api\3.1.0\jakarta.persistence-api-3.1.0.jar;C:\Users\trimok\.m2\repository\jakarta\transaction\jakarta.transaction-api\2.0.1\jakarta.transaction-api-2.0.1.jar;C:\Users\trimok\.m2\repository\org\jboss\logging\jboss-logging\3.5.0.Final\jboss-logging-3.5.0.Final.jar;C:\Users\trimok\.m2\repository\org\hibernate\common\hibernate-commons-annotations\6.0.6.Final\hibernate-commons-annotations-6.0.6.Final.jar;C:\Users\trimok\.m2\repository\io\smallrye\jandex\3.0.5\jandex-3.0.5.jar;C:\Users\trimok\.m2\repository\com\fasterxml\classmate\1.5.1\classmate-1.5.1.jar;C:\Users\trimok\.m2\repository\net\bytebuddy\byte-buddy\1.14.4\byte-buddy-1.14.4.jar;C:\Users\trimok\.m2\repository\org\glassfish\jaxb\jaxb-runtime\4.0.2\jaxb-runtime-4.0.2.jar;C:\Users\trimok\.m2\repository\org\glassfish\jaxb\jaxb-core\4.0.2\jaxb-core-4.0.2.jar;C:\Users\trimok\.m2\repository\org\eclipse\angus\angus-activation\2.0.0\angus-activation-2.0.0.jar;C:\Users\trimok\.m2\repository\org\glassfish\jaxb\txw2\4.0.2\txw2-4.0.2.jar;C:\Users\trimok\.m2\repository\com\sun\istack\istack-commons-runtime\4.1.1\istack-commons-runtime-4.1.1.jar;C:\Users\trimok\.m2\repository\jakarta\inject\jakarta.inject-api\2.0.1\jakarta.inject-api-2.0.1.jar;C:\Users\trimok\.m2\repository\org\antlr\antlr4-runtime\4.10.1\antlr4-runtime-4.10.1.jar;C:\Users\trimok\.m2\repository\org\springframework\data\spring-data-jpa\3.1.0\spring-data-jpa-3.1.0.jar;C:\Users\trimok\.m2\repository\org\springframework\data\spring-data-commons\3.1.0\spring-data-commons-3.1.0.jar;C:\Users\trimok\.m2\repository\org\springframework\spring-orm\6.0.9\spring-orm-6.0.9.jar;C:\Users\trimok\.m2\repository\org\springframework\spring-tx\6.0.9\spring-tx-6.0.9.jar;C:\Users\trimok\.m2\repository\org\springframework\spring-aspects\6.0.9\spring-aspects-6.0.9.jar;C:\Users\trimok\.m2\repository\com\mysql\mysql-connector-j\8.0.33\mysql-connector-j-8.0.33.jar;C:\Users\trimok\.m2\repository\org\projectlombok\lombok\1.18.26\lombok-1.18.26.jar;C:\Users\trimok\.m2\repository\com\fasterxml\jackson\datatype\jackson-datatype-jsr310\2.15.0\jackson-datatype-jsr310-2.15.0.jar;C:\Users\trimok\.m2\repository\com\fasterxml\jackson\core\jackson-annotations\2.15.0\jackson-annotations-2.15.0.jar;C:\Users\trimok\.m2\repository\com\fasterxml\jackson\core\jackson-core\2.15.0\jackson-core-2.15.0.jar;C:\Users\trimok\.m2\repository\com\fasterxml\jackson\core\jackson-databind\2.15.0\jackson-databind-2.15.0.jar;C:\Users\trimok\.m2\repository\org\springframework\boot\spring-boot-starter-validation\3.1.0\spring-boot-starter-validation-3.1.0.jar;C:\Users\trimok\.m2\repository\org\apache\tomcat\embed\tomcat-embed-el\10.1.8\tomcat-embed-el-10.1.8.jar;C:\Users\trimok\.m2\repository\org\hibernate\validator\hibernate-validator\8.0.0.Final\hibernate-validator-8.0.0.Final.jar;C:\Users\trimok\.m2\repository\jakarta\validation\jakarta.validation-api\3.0.2\jakarta.validation-api-3.0.2.jar;C:\Users\trimok\.m2\repository\org\springdoc\springdoc-openapi-starter-webmvc-ui\2.1.0\springdoc-openapi-starter-webmvc-ui-2.1.0.jar;C:\Users\trimok\.m2\repository\org\springdoc\springdoc-openapi-starter-webmvc-api\2.1.0\springdoc-openapi-starter-webmvc-api-2.1.0.jar;C:\Users\trimok\.m2\repository\org\springdoc\springdoc-openapi-starter-common\2.1.0\springdoc-openapi-starter-common-2.1.0.jar;C:\Users\trimok\.m2\repository\io\swagger\core\v3\swagger-core-jakarta\2.2.9\swagger-core-jakarta-2.2.9.jar;C:\Users\trimok\.m2\repository\org\apache\commons\commons-lang3\3.12.0\commons-lang3-3.12.0.jar;C:\Users\trimok\.m2\repository\io\swagger\core\v3\swagger-annotations-jakarta\2.2.9\swagger-annotations-jakarta-2.2.9.jar;C:\Users\trimok\.m2\repository\io\swagger\core\v3\swagger-models-jakarta\2.2.9\swagger-models-jakarta-2.2.9.jar;C:\Users\trimok\.m2\repository\com\fasterxml\jackson\dataformat\jackson-dataformat-yaml\2.15.0\jackson-dataformat-yaml-2.15.0.jar;C:\Users\trimok\.m2\repository\org\webjars\swagger-ui\4.18.2\swagger-ui-4.18.2.jar;C:\Users\trimok\.m2\repository\org\springframework\cloud\spring-cloud-starter-config\4.0.3-SNAPSHOT\spring-cloud-starter-config-4.0.3-SNAPSHOT.jar;C:\Users\trimok\.m2\repository\org\springframework\cloud\spring-cloud-starter\4.0.3-SNAPSHOT\spring-cloud-starter-4.0.3-SNAPSHOT.jar;C:\Users\trimok\.m2\repository\org\springframework\cloud\spring-cloud-context\4.0.3-SNAPSHOT\spring-cloud-context-4.0.3-SNAPSHOT.jar;C:\Users\trimok\.m2\repository\org\springframework\security\spring-security-crypto\6.1.0\spring-security-crypto-6.1.0.jar;C:\Users\trimok\.m2\repository\org\springframework\cloud\spring-cloud-commons\4.0.3-SNAPSHOT\spring-cloud-commons-4.0.3-SNAPSHOT.jar;C:\Users\trimok\.m2\repository\org\springframework\security\spring-security-rsa\1.0.11.RELEASE\spring-security-rsa-1.0.11.RELEASE.jar;C:\Users\trimok\.m2\repository\org\bouncycastle\bcpkix-jdk15on\1.69\bcpkix-jdk15on-1.69.jar;C:\Users\trimok\.m2\repository\org\bouncycastle\bcprov-jdk15on\1.69\bcprov-jdk15on-1.69.jar;C:\Users\trimok\.m2\repository\org\bouncycastle\bcutil-jdk15on\1.69\bcutil-jdk15on-1.69.jar;C:\Users\trimok\.m2\repository\org\springframework\cloud\spring-cloud-config-client\4.0.3-SNAPSHOT\spring-cloud-config-client-4.0.3-SNAPSHOT.jar;C:\Users\trimok\.m2\repository\org\apache\httpcomponents\client5\httpclient5\5.2.1\httpclient5-5.2.1.jar;C:\Users\trimok\.m2\repository\org\apache\httpcomponents\core5\httpcore5\5.2.1\httpcore5-5.2.1.jar;C:\Users\trimok\.m2\repository\org\apache\httpcomponents\core5\httpcore5-h2\5.2.1\httpcore5-h2-5.2.1.jar;C:\Users\trimok\.m2\repository\org\springframework\boot\spring-boot-starter-actuator\3.1.0\spring-boot-starter-actuator-3.1.0.jar;C:\Users\trimok\.m2\repository\org\springframework\boot\spring-boot-actuator-autoconfigure\3.1.0\spring-boot-actuator-autoconfigure-3.1.0.jar;C:\Users\trimok\.m2\repository\org\springframework\boot\spring-boot-actuator\3.1.0\spring-boot-actuator-3.1.0.jar;C:\Users\trimok\.m2\repository\io\micrometer\micrometer-observation\1.11.0\micrometer-observation-1.11.0.jar;C:\Users\trimok\.m2\repository\io\micrometer\micrometer-commons\1.11.0\micrometer-commons-1.11.0.jar;C:\Users\trimok\.m2\repository\io\micrometer\micrometer-core\1.11.0\micrometer-core-1.11.0.jar;C:\Users\trimok\.m2\repository\org\hdrhistogram\HdrHistogram\2.1.12\HdrHistogram-2.1.12.jar;C:\Users\trimok\.m2\repository\org\latencyutils\LatencyUtils\2.0.3\LatencyUtils-2.0.3.jar;C:\Users\trimok\.m2\repository\org\springframework\cloud\spring-cloud-starter-netflix-eureka-client\4.0.2-SNAPSHOT\spring-cloud-starter-netflix-eureka-client-4.0.2-SNAPSHOT.jar;C:\Users\trimok\.m2\repository\org\springframework\cloud\spring-cloud-netflix-eureka-client\4.0.2-SNAPSHOT\spring-cloud-netflix-eureka-client-4.0.2-SNAPSHOT.jar;C:\Users\trimok\.m2\repository\com\netflix\eureka\eureka-client\2.0.0\eureka-client-2.0.0.jar;C:\Users\trimok\.m2\repository\com\netflix\netflix-commons\netflix-eventbus\0.3.0\netflix-eventbus-0.3.0.jar;C:\Users\trimok\.m2\repository\com\netflix\netflix-commons\netflix-infix\0.3.0\netflix-infix-0.3.0.jar;C:\Users\trimok\.m2\repository\commons-jxpath\commons-jxpath\1.3\commons-jxpath-1.3.jar;C:\Users\trimok\.m2\repository\joda-time\joda-time\2.3\joda-time-2.3.jar;C:\Users\trimok\.m2\repository\org\antlr\antlr-runtime\3.4\antlr-runtime-3.4.jar;C:\Users\trimok\.m2\repository\org\antlr\stringtemplate\3.2.1\stringtemplate-3.2.1.jar;C:\Users\trimok\.m2\repository\antlr\antlr\2.7.7\antlr-2.7.7.jar;C:\Users\trimok\.m2\repository\com\google\code\gson\gson\2.10.1\gson-2.10.1.jar;C:\Users\trimok\.m2\repository\org\apache\commons\commons-math\2.2\commons-math-2.2.jar;C:\Users\trimok\.m2\repository\com\thoughtworks\xstream\xstream\1.4.19\xstream-1.4.19.jar;C:\Users\trimok\.m2\repository\io\github\x-stream\mxparser\1.2.2\mxparser-1.2.2.jar;C:\Users\trimok\.m2\repository\xmlpull\xmlpull\1.1.3.1\xmlpull-1.1.3.1.jar;C:\Users\trimok\.m2\repository\jakarta\ws\rs\jakarta.ws.rs-api\3.1.0\jakarta.ws.rs-api-3.1.0.jar;C:\Users\trimok\.m2\repository\com\netflix\servo\servo-core\0.12.21\servo-core-0.12.21.jar;C:\Users\trimok\.m2\repository\com\google\guava\guava\19.0\guava-19.0.jar;C:\Users\trimok\.m2\repository\org\apache\httpcomponents\httpclient\4.5.3\httpclient-4.5.3.jar;C:\Users\trimok\.m2\repository\org\apache\httpcomponents\httpcore\4.4.16\httpcore-4.4.16.jar;C:\Users\trimok\.m2\repository\commons-codec\commons-codec\1.15\commons-codec-1.15.jar;C:\Users\trimok\.m2\repository\commons-configuration\commons-configuration\1.10\commons-configuration-1.10.jar;C:\Users\trimok\.m2\repository\commons-lang\commons-lang\2.6\commons-lang-2.6.jar;C:\Users\trimok\.m2\repository\org\codehaus\jettison\jettison\1.4.0\jettison-1.4.0.jar;C:\Users\trimok\.m2\repository\com\netflix\eureka\eureka-core\2.0.0\eureka-core-2.0.0.jar;C:\Users\trimok\.m2\repository\jakarta\servlet\jakarta.servlet-api\6.0.0\jakarta.servlet-api-6.0.0.jar;C:\Users\trimok\.m2\repository\com\fasterxml\woodstox\woodstox-core\6.2.1\woodstox-core-6.2.1.jar;C:\Users\trimok\.m2\repository\org\codehaus\woodstox\stax2-api\4.2.1\stax2-api-4.2.1.jar;C:\Users\trimok\.m2\repository\org\springframework\cloud\spring-cloud-starter-loadbalancer\4.0.3-SNAPSHOT\spring-cloud-starter-loadbalancer-4.0.3-SNAPSHOT.jar;C:\Users\trimok\.m2\repository\org\springframework\cloud\spring-cloud-loadbalancer\4.0.3-SNAPSHOT\spring-cloud-loadbalancer-4.0.3-SNAPSHOT.jar;C:\Users\trimok\.m2\repository\io\projectreactor\reactor-core\3.5.6\reactor-core-3.5.6.jar;C:\Users\trimok\.m2\repository\org\reactivestreams\reactive-streams\1.0.4\reactive-streams-1.0.4.jar;C:\Users\trimok\.m2\repository\io\projectreactor\addons\reactor-extra\3.5.1\reactor-extra-3.5.1.jar;C:\Users\trimok\.m2\repository\org\springframework\boot\spring-boot-starter-cache\3.1.0\spring-boot-starter-cache-3.1.0.jar;C:\Users\trimok\.m2\repository\org\springframework\spring-context-support\6.0.9\spring-context-support-6.0.9.jar;C:\Users\trimok\.m2\repository\com\stoyanr\evictor\1.0.0\evictor-1.0.0.jar;C:\Users\trimok\.m2\repository\io\micrometer\micrometer-tracing-bridge-otel\1.1.1\micrometer-tracing-bridge-otel-1.1.1.jar;C:\Users\trimok\.m2\repository\io\micrometer\micrometer-tracing\1.1.1\micrometer-tracing-1.1.1.jar;C:\Users\trimok\.m2\repository\io\micrometer\context-propagation\1.0.2\context-propagation-1.0.2.jar;C:\Users\trimok\.m2\repository\aopalliance\aopalliance\1.0\aopalliance-1.0.jar;C:\Users\trimok\.m2\repository\org\slf4j\slf4j-api\2.0.7\slf4j-api-2.0.7.jar;C:\Users\trimok\.m2\repository\io\opentelemetry\opentelemetry-api\1.25.0\opentelemetry-api-1.25.0.jar;C:\Users\trimok\.m2\repository\io\opentelemetry\opentelemetry-context\1.25.0\opentelemetry-context-1.25.0.jar;C:\Users\trimok\.m2\repository\io\opentelemetry\opentelemetry-semconv\1.25.0-alpha\opentelemetry-semconv-1.25.0-alpha.jar;C:\Users\trimok\.m2\repository\io\opentelemetry\opentelemetry-sdk-common\1.25.0\opentelemetry-sdk-common-1.25.0.jar;C:\Users\trimok\.m2\repository\io\opentelemetry\opentelemetry-sdk-trace\1.25.0\opentelemetry-sdk-trace-1.25.0.jar;C:\Users\trimok\.m2\repository\io\opentelemetry\opentelemetry-sdk\1.25.0\opentelemetry-sdk-1.25.0.jar;C:\Users\trimok\.m2\repository\io\opentelemetry\opentelemetry-sdk-metrics\1.25.0\opentelemetry-sdk-metrics-1.25.0.jar;C:\Users\trimok\.m2\repository\io\opentelemetry\opentelemetry-sdk-logs\1.25.0-alpha\opentelemetry-sdk-logs-1.25.0-alpha.jar;C:\Users\trimok\.m2\repository\io\opentelemetry\opentelemetry-api-logs\1.25.0-alpha\opentelemetry-api-logs-1.25.0-alpha.jar;C:\Users\trimok\.m2\repository\io\opentelemetry\opentelemetry-api-events\1.25.0-alpha\opentelemetry-api-events-1.25.0-alpha.jar;C:\Users\trimok\.m2\repository\io\opentelemetry\instrumentation\opentelemetry-instrumentation-api-semconv\1.24.0-alpha\opentelemetry-instrumentation-api-semconv-1.24.0-alpha.jar;C:\Users\trimok\.m2\repository\io\opentelemetry\instrumentation\opentelemetry-instrumentation-api\1.24.0\opentelemetry-instrumentation-api-1.24.0.jar;C:\Users\trimok\.m2\repository\io\opentelemetry\opentelemetry-extension-trace-propagators\1.25.0\opentelemetry-extension-trace-propagators-1.25.0.jar;C:\Users\trimok\.m2\repository\io\opentelemetry\opentelemetry-exporter-zipkin\1.25.0\opentelemetry-exporter-zipkin-1.25.0.jar;C:\Users\trimok\.m2\repository\io\zipkin\reporter2\zipkin-reporter\2.16.3\zipkin-reporter-2.16.3.jar;C:\Users\trimok\.m2\repository\io\zipkin\zipkin2\zipkin\2.23.2\zipkin-2.23.2.jar;C:\Users\trimok\.m2\repository\io\opentelemetry\opentelemetry-exporter-common\1.25.0\opentelemetry-exporter-common-1.25.0.jar;C:\Users\trimok\.m2\repository\io\opentelemetry\opentelemetry-sdk-extension-autoconfigure-spi\1.25.0\opentelemetry-sdk-extension-autoconfigure-spi-1.25.0.jar;C:\Users\trimok\.m2\repository\io\zipkin\reporter2\zipkin-sender-okhttp3\2.16.3\zipkin-sender-okhttp3-2.16.3.jar;C:\Users\trimok\.m2\repository\com\squareup\okhttp3\okhttp\4.10.0\okhttp-4.10.0.jar;C:\Users\trimok\.m2\repository\com\squareup\okio\okio-jvm\3.0.0\okio-jvm-3.0.0.jar;C:\Users\trimok\.m2\repository\org\jetbrains\kotlin\kotlin-stdlib-jdk8\1.8.21\kotlin-stdlib-jdk8-1.8.21.jar;C:\Users\trimok\.m2\repository\org\jetbrains\kotlin\kotlin-stdlib-jdk7\1.8.21\kotlin-stdlib-jdk7-1.8.21.jar;C:\Users\trimok\.m2\repository\org\jetbrains\kotlin\kotlin-stdlib-common\1.8.21\kotlin-stdlib-common-1.8.21.jar;C:\Users\trimok\.m2\repository\org\jetbrains\kotlin\kotlin-stdlib\1.8.21\kotlin-stdlib-1.8.21.jar;C:\Users\trimok\.m2\repository\org\jetbrains\annotations\13.0\annotations-13.0.jar;C:\Users\trimok\.m2\repository\jakarta\xml\bind\jakarta.xml.bind-api\4.0.0\jakarta.xml.bind-api-4.0.0.jar;C:\Users\trimok\.m2\repository\jakarta\activation\jakarta.activation-api\2.1.2\jakarta.activation-api-2.1.2.jar;C:\Users\trimok\.m2\repository\org\springframework\spring-core\6.0.9\spring-core-6.0.9.jar;C:\Users\trimok\.m2\repository\org\springframework\spring-jcl\6.0.9\spring-jcl-6.0.9.jar
Launcher Type: SUN_STANDARD

[Global flags]
     intx CICompilerCount                          = 3                                         {product} {ergonomic}
     uint ConcGCThreads                            = 1                                         {product} {ergonomic}
     uint G1ConcRefinementThreads                  = 4                                         {product} {ergonomic}
   size_t G1HeapRegionSize                         = 2097152                                   {product} {ergonomic}
    uintx GCDrainStackTargetSize                   = 64                                        {product} {ergonomic}
   size_t InitialHeapSize                          = 201326592                                 {product} {ergonomic}
     bool ManagementServer                         = true                                      {product} {command line}
   size_t MarkStackSize                            = 4194304                                   {product} {ergonomic}
   size_t MaxHeapSize                              = 3191865344                                {product} {ergonomic}
   size_t MinHeapDeltaBytes                        = 2097152                                   {product} {ergonomic}
   size_t MinHeapSize                              = 8388608                                   {product} {ergonomic}
    uintx NonProfiledCodeHeapSize                  = 0                                      {pd product} {ergonomic}
     bool ProfileInterpreter                       = false                                  {pd product} {command line}
    uintx ProfiledCodeHeapSize                     = 0                                      {pd product} {ergonomic}
     bool ShowCodeDetailsInExceptionMessages       = true                                   {manageable} {command line}
   size_t SoftMaxHeapSize                          = 3191865344                             {manageable} {ergonomic}
     intx TieredStopAtLevel                        = 1                                         {product} {command line}
     bool UseCompressedClassPointers               = true                           {product lp64_product} {ergonomic}
     bool UseCompressedOops                        = true                           {product lp64_product} {ergonomic}
     bool UseG1GC                                  = true                                      {product} {ergonomic}
     bool UseLargePagesIndividualAllocation        = false                                  {pd product} {ergonomic}

Logging:
Log output configuration:
 #0: stdout all=warning uptime,level,tags foldmultilines=false
 #1: stderr all=off uptime,level,tags foldmultilines=false

Environment Variables:
JAVA_HOME=C:\Program Files\Java\jdk-20
PATH=C:/Program Files/Java/jdk-20/bin/server;C:/Program Files/Java/jdk-20/bin;C:\Program Files\Common Files\Oracle\Java\javapath;C:\Program Files (x86)\Microsoft SDKs\Azure\CLI2\wbin;C:\serveurs\oraclexe\app\oracle\product\11.2.0\server\bin;C:\Program Files\Broadcom\Broadcom 802.11 Network Adapter;C:\Program Files (x86)\Intel\iCLS Client\;C:\Program Files\Intel\iCLS Client\;C:\WINDOWS\system32;C:\WINDOWS;C:\WINDOWS\System32\Wbem;C:\WINDOWS\System32\WindowsPowerShell\v1.0\;C:\Program Files\Intel\Intel(R) Management Engine Components\DAL;C:\Program Files\Intel\Intel(R) Management Engine Components\IPT;C:\Program Files (x86)\Intel\Intel(R) Management Engine Components\DAL;C:\Program Files (x86)\Intel\Intel(R) Management Engine Components\IPT;C:\Program Files\WIDCOMM\Bluetooth Software\;C:\Program Files\WIDCOMM\Bluetooth Software\syswow64;C:\WINDOWS\System32\OpenSSH\;C:\Program Files\dotnet\;C:\Program Files\Microsoft SQL Server\130\Tools\Binn\;C:\Program Files\Microsoft SQL Server\Client SDK\ODBC\170\Tools\Binn\;C:\Program Files\PuTTY\;C:\Program Files\Crucial\Crucial Storage Executive;C:\Program Files\nodejs\;C:\Program Files (x86)\NVIDIA Corporation\PhysX\Common;C:\Program Files\Git\cmd;C:\Program Files\Java\jdk-20\bin;C:\Program Files\Docker\Docker\resources\bin;C:\gradle-7.6\bin;C:\Program Files\PowerShell\7\;C:\Program Files\MySQL\MySQL Shell 8.0\bin\;D:\logiciels\Scripts\;D:\logiciels\;C:\Program Files (x86)\TranscriberAG\libs;C:\Program Files (x86)\TranscriberAG\libs\gtkmm\bin;C:\Users\trimok\AppData\Local\Microsoft\WindowsApps;D:\logiciels\Microsoft VS Code\bin;D:\logiciels\PyCharm 2022.1.3\bin;D:\logiciels\PyCharm Community Edition 2022.1.3\bin;C:\Users\trimok\AppData\Roaming\npm;C:\Users\trimok\AppData\Local\gitkraken\bin;D:\logiciels\IntelliJ IDEA Community Edition 2022.2.3\bin;D:\logiciels\apache-maven-3.8.6\bin;C:\Users\trimok\.dotnet\tools;c:\gradle-7.6\bin;;C:\Users\trimok\Desktop;
USERNAME=trimok
OS=Windows_NT
PROCESSOR_IDENTIFIER=Intel64 Family 6 Model 69 Stepping 1, GenuineIntel
TMP=C:\Users\trimok\AppData\Local\Temp
TEMP=C:\Users\trimok\AppData\Local\Temp



---------------  S Y S T E M  ---------------

OS:
 Windows 10 , 64 bit Build 19041 (10.0.19041.2913)
OS uptime: 0 days 2:48 hours
Hyper-V role detected

CPU: total 4 (initial active 4) (2 cores per cpu, 2 threads per core) family 6 model 69 stepping 1 microcode 0x25, cx8, cmov, fxsr, ht, mmx, sse, sse2, sse3, ssse3, sse4.1, sse4.2, popcnt, lzcnt, tsc, tscinvbit, avx, avx2, aes, erms, clmul, bmi1, bmi2, fma, vzeroupper, clflush, hv, rdtscp

Memory: 4k page, system-wide physical 12171M (434M free)
TotalPageFile size 14671M (AvailPageFile size 147M)
current process WorkingSet (physical memory assigned to process): 10M, peak: 10M
current process commit charge ("private bytes"): 47M, peak: 239M

vm_info: Java HotSpot(TM) 64-Bit Server VM (19.0.1+10-21) for windows-amd64 JRE (19.0.1+10-21), built on 2022-09-14T12:45:06Z by "mach5one" with MS VC++ 17.1 (VS2022)

END.
